This is pdfTeX, Version 3.14159265-2.6-1.40.20 (TeX Live 2019) (preloaded format=pdflatex 2019.11.17)  1 APR 2022 17:49
entering extended mode
 restricted \write18 enabled.
 file:line:error style messages enabled.
 %&-line parsing enabled.
**/Users/matthewwalker/Documents/Project/dissertation/MSci(SEWP)_2310528w/QUIC-GStreamer-Integration/dissertation/Dissertation.tex
(/Users/matthewwalker/Documents/Project/dissertation/MSci(SEWP)_2310528w/QUIC-GStreamer-Integration/dissertation/Dissertation.tex
LaTeX2e <2018-12-01>
(/Users/matthewwalker/Documents/Project/dissertation/MSci(SEWP)_2310528w/QUIC-GStreamer-Integration/dissertation/mpaper.cls (/usr/local/texlive/2019/texmf-dist/tex/latex/tools/array.sty
Package: array 2018/12/30 v2.4k Tabular extension package (FMi)
\col@sep=\dimen102
\ar@mcellbox=\box27
\extrarowheight=\dimen103
\NC@list=\toks14
\extratabsurround=\skip41
\backup@length=\skip42
\ar@cellbox=\box28
) (/usr/local/texlive/2019/texmf-dist/tex/latex/graphics/color.sty
Package: color 2016/07/10 v1.1e Standard LaTeX Color (DPC)
 (/usr/local/texlive/2019/texmf-dist/tex/latex/graphics-cfg/color.cfg
File: color.cfg 2016/01/02 v1.6 sample color configuration
)
Package color Info: Driver file: pdftex.def on input line 147.
 (/usr/local/texlive/2019/texmf-dist/tex/latex/graphics-def/pdftex.def
File: pdftex.def 2018/01/08 v1.0l Graphics/color driver for pdftex
)) (/usr/local/texlive/2019/texmf-dist/tex/latex/graphics/graphicx.sty
Package: graphicx 2017/06/01 v1.1a Enhanced LaTeX Graphics (DPC,SPQR)
 (/usr/local/texlive/2019/texmf-dist/tex/latex/graphics/keyval.sty
Package: keyval 2014/10/28 v1.15 key=value parser (DPC)
\KV@toks@=\toks15
) (/usr/local/texlive/2019/texmf-dist/tex/latex/graphics/graphics.sty
Package: graphics 2017/06/25 v1.2c Standard LaTeX Graphics (DPC,SPQR)
 (/usr/local/texlive/2019/texmf-dist/tex/latex/graphics/trig.sty
Package: trig 2016/01/03 v1.10 sin cos tan (DPC)
) (/usr/local/texlive/2019/texmf-dist/tex/latex/graphics-cfg/graphics.cfg
File: graphics.cfg 2016/06/04 v1.11 sample graphics configuration
)
Package graphics Info: Driver file: pdftex.def on input line 99.
)
\Gin@req@height=\dimen104
\Gin@req@width=\dimen105
) (/usr/local/texlive/2019/texmf-dist/tex/latex/graphics/epsfig.sty
Package: epsfig 2017/06/25 v1.7b (e)psfig emulation (SPQR)
\epsfxsize=\dimen106
\epsfysize=\dimen107
) (/usr/local/texlive/2019/texmf-dist/tex/latex/base/fixltx2e.sty
Package: fixltx2e 2016/12/29 v2.1a fixes to LaTeX (obsolete)
Applying: [2015/01/01] Old fixltx2e package on input line 46.


Package fixltx2e Warning: fixltx2e is not required with releases after 2015
(fixltx2e)                All fixes are now in the LaTeX kernel.
(fixltx2e)                See the latexrelease package for details.

Already applied: [0000/00/00] Old fixltx2e package on input line 53.
) (/usr/local/texlive/2019/texmf-dist/tex/latex/amsfonts/amssymb.sty
Package: amssymb 2013/01/14 v3.01 AMS font symbols
 (/usr/local/texlive/2019/texmf-dist/tex/latex/amsfonts/amsfonts.sty
Package: amsfonts 2013/01/14 v3.01 Basic AMSFonts support
\@emptytoks=\toks16
\symAMSa=\mathgroup4
\symAMSb=\mathgroup5
LaTeX Font Info:    Overwriting math alphabet `\mathfrak' in version `bold'
(Font)                  U/euf/m/n --> U/euf/b/n on input line 106.
)) (/usr/local/texlive/2019/texmf-dist/tex/latex/amsmath/amsmath.sty
Package: amsmath 2018/12/01 v2.17b AMS math features
\@mathmargin=\skip43

For additional information on amsmath, use the `?' option.
(/usr/local/texlive/2019/texmf-dist/tex/latex/amsmath/amstext.sty
Package: amstext 2000/06/29 v2.01 AMS text
 (/usr/local/texlive/2019/texmf-dist/tex/latex/amsmath/amsgen.sty
File: amsgen.sty 1999/11/30 v2.0 generic functions
\@emptytoks=\toks17
\ex@=\dimen108
)) (/usr/local/texlive/2019/texmf-dist/tex/latex/amsmath/amsbsy.sty
Package: amsbsy 1999/11/29 v1.2d Bold Symbols
\pmbraise@=\dimen109
) (/usr/local/texlive/2019/texmf-dist/tex/latex/amsmath/amsopn.sty
Package: amsopn 2016/03/08 v2.02 operator names
)
\inf@bad=\count80
LaTeX Info: Redefining \frac on input line 223.
\uproot@=\count81
\leftroot@=\count82
LaTeX Info: Redefining \overline on input line 385.
\classnum@=\count83
\DOTSCASE@=\count84
LaTeX Info: Redefining \ldots on input line 482.
LaTeX Info: Redefining \dots on input line 485.
LaTeX Info: Redefining \cdots on input line 606.
\Mathstrutbox@=\box29
\strutbox@=\box30
\big@size=\dimen110
LaTeX Font Info:    Redeclaring font encoding OML on input line 729.
LaTeX Font Info:    Redeclaring font encoding OMS on input line 730.
\macc@depth=\count85
\c@MaxMatrixCols=\count86
\dotsspace@=\muskip10
\c@parentequation=\count87
\dspbrk@lvl=\count88
\tag@help=\toks18
\row@=\count89
\column@=\count90
\maxfields@=\count91
\andhelp@=\toks19
\eqnshift@=\dimen111
\alignsep@=\dimen112
\tagshift@=\dimen113
\tagwidth@=\dimen114
\totwidth@=\dimen115
\lineht@=\dimen116
\@envbody=\toks20
\multlinegap=\skip44
\multlinetaggap=\skip45
\mathdisplay@stack=\toks21
LaTeX Info: Redefining \[ on input line 2844.
LaTeX Info: Redefining \] on input line 2845.
) (/usr/local/texlive/2019/texmf-dist/tex/latex/listings/listings.sty
\lst@mode=\count92
\lst@gtempboxa=\box31
\lst@token=\toks22
\lst@length=\count93
\lst@currlwidth=\dimen117
\lst@column=\count94
\lst@pos=\count95
\lst@lostspace=\dimen118
\lst@width=\dimen119
\lst@newlines=\count96
\lst@lineno=\count97
\abovecaptionskip=\skip46
\belowcaptionskip=\skip47
\lst@maxwidth=\dimen120
 (/usr/local/texlive/2019/texmf-dist/tex/latex/listings/lstmisc.sty
File: lstmisc.sty 2019/02/27 1.8b (Carsten Heinz)
\c@lstnumber=\count98
\lst@skipnumbers=\count99
\lst@framebox=\box32
) (/usr/local/texlive/2019/texmf-dist/tex/latex/listings/listings.cfg
File: listings.cfg 2019/02/27 1.8b listings configuration
))
Package: listings 2019/02/27 1.8b (Carsten Heinz)
 (/usr/local/texlive/2019/texmf-dist/tex/latex/geometry/geometry.sty
Package: geometry 2018/04/16 v5.8 Page Geometry
 (/usr/local/texlive/2019/texmf-dist/tex/generic/oberdiek/ifpdf.sty
Package: ifpdf 2018/09/07 v3.3 Provides the ifpdf switch
) (/usr/local/texlive/2019/texmf-dist/tex/generic/oberdiek/ifvtex.sty
Package: ifvtex 2016/05/16 v1.6 Detect VTeX and its facilities (HO)
Package ifvtex Info: VTeX not detected.
) (/usr/local/texlive/2019/texmf-dist/tex/generic/ifxetex/ifxetex.sty
Package: ifxetex 2010/09/12 v0.6 Provides ifxetex conditional
)
\Gm@cnth=\count100
\Gm@cntv=\count101
\c@Gm@tempcnt=\count102
\Gm@bindingoffset=\dimen121
\Gm@wd@mp=\dimen122
\Gm@odd@mp=\dimen123
\Gm@even@mp=\dimen124
\Gm@layoutwidth=\dimen125
\Gm@layoutheight=\dimen126
\Gm@layouthoffset=\dimen127
\Gm@layoutvoffset=\dimen128
\Gm@dimlist=\toks23
) (/usr/local/texlive/2019/texmf-dist/tex/latex/hyperref/hyperref.sty
Package: hyperref 2018/11/30 v6.88e Hypertext links for LaTeX
 (/usr/local/texlive/2019/texmf-dist/tex/generic/oberdiek/hobsub-hyperref.sty
Package: hobsub-hyperref 2016/05/16 v1.14 Bundle oberdiek, subset hyperref (HO)
 (/usr/local/texlive/2019/texmf-dist/tex/generic/oberdiek/hobsub-generic.sty
Package: hobsub-generic 2016/05/16 v1.14 Bundle oberdiek, subset generic (HO)
Package: hobsub 2016/05/16 v1.14 Construct package bundles (HO)
Package: infwarerr 2016/05/16 v1.4 Providing info/warning/error messages (HO)
Package: ltxcmds 2016/05/16 v1.23 LaTeX kernel commands for general use (HO)
Package: ifluatex 2016/05/16 v1.4 Provides the ifluatex switch (HO)
Package ifluatex Info: LuaTeX not detected.
Package hobsub Info: Skipping package `ifvtex' (already loaded).
Package: intcalc 2016/05/16 v1.2 Expandable calculations with integers (HO)
Package hobsub Info: Skipping package `ifpdf' (already loaded).
Package: etexcmds 2016/05/16 v1.6 Avoid name clashes with e-TeX commands (HO)
Package: kvsetkeys 2016/05/16 v1.17 Key value parser (HO)
Package: kvdefinekeys 2016/05/16 v1.4 Define keys (HO)
Package: pdftexcmds 2018/09/10 v0.29 Utility functions of pdfTeX for LuaTeX (HO)
Package pdftexcmds Info: LuaTeX not detected.
Package pdftexcmds Info: \pdf@primitive is available.
Package pdftexcmds Info: \pdf@ifprimitive is available.
Package pdftexcmds Info: \pdfdraftmode found.
Package: pdfescape 2016/05/16 v1.14 Implements pdfTeX's escape features (HO)
Package: bigintcalc 2016/05/16 v1.4 Expandable calculations on big integers (HO)
Package: bitset 2016/05/16 v1.2 Handle bit-vector datatype (HO)
Package: uniquecounter 2016/05/16 v1.3 Provide unlimited unique counter (HO)
)
Package hobsub Info: Skipping package `hobsub' (already loaded).
Package: letltxmacro 2016/05/16 v1.5 Let assignment for LaTeX macros (HO)
Package: hopatch 2016/05/16 v1.3 Wrapper for package hooks (HO)
Package: xcolor-patch 2016/05/16 xcolor patch
Package: atveryend 2016/05/16 v1.9 Hooks at the very end of document (HO)
Package atveryend Info: \enddocument detected (standard20110627).
Package: atbegshi 2016/06/09 v1.18 At begin shipout hook (HO)
Package: refcount 2016/05/16 v3.5 Data extraction from label references (HO)
Package: hycolor 2016/05/16 v1.8 Color options for hyperref/bookmark (HO)
) (/usr/local/texlive/2019/texmf-dist/tex/latex/oberdiek/auxhook.sty
Package: auxhook 2016/05/16 v1.4 Hooks for auxiliary files (HO)
) (/usr/local/texlive/2019/texmf-dist/tex/latex/oberdiek/kvoptions.sty
Package: kvoptions 2016/05/16 v3.12 Key value format for package options (HO)
)
\@linkdim=\dimen129
\Hy@linkcounter=\count103
\Hy@pagecounter=\count104
 (/usr/local/texlive/2019/texmf-dist/tex/latex/hyperref/pd1enc.def
File: pd1enc.def 2018/11/30 v6.88e Hyperref: PDFDocEncoding definition (HO)
Now handling font encoding PD1 ...
... no UTF-8 mapping file for font encoding PD1
)
\Hy@SavedSpaceFactor=\count105
 (/usr/local/texlive/2019/texmf-dist/tex/latex/latexconfig/hyperref.cfg
File: hyperref.cfg 2002/06/06 v1.2 hyperref configuration of TeXLive
)
Package hyperref Info: Option `breaklinks' set `true' on input line 4393.
Package hyperref Info: Option `colorlinks' set `true' on input line 4393.
Package hyperref Info: Option `pdfpagelabels' set `false' on input line 4393.
Package hyperref Info: Option `pdfusetitle' set `true' on input line 4393.
Package hyperref Info: Hyper figures OFF on input line 4519.
Package hyperref Info: Link nesting OFF on input line 4524.
Package hyperref Info: Hyper index ON on input line 4527.
Package hyperref Info: Plain pages OFF on input line 4534.
Package hyperref Info: Backreferencing OFF on input line 4539.
Package hyperref Info: Implicit mode ON; LaTeX internals redefined.
Package hyperref Info: Bookmarks ON on input line 4772.
\c@Hy@tempcnt=\count106
 (/usr/local/texlive/2019/texmf-dist/tex/latex/url/url.sty
\Urlmuskip=\muskip11
Package: url 2013/09/16  ver 3.4  Verb mode for urls, etc.
)
LaTeX Info: Redefining \url on input line 5125.
\XeTeXLinkMargin=\dimen130
\Fld@menulength=\count107
\Field@Width=\dimen131
\Fld@charsize=\dimen132
Package hyperref Info: Hyper figures OFF on input line 6380.
Package hyperref Info: Link nesting OFF on input line 6385.
Package hyperref Info: Hyper index ON on input line 6388.
Package hyperref Info: backreferencing OFF on input line 6395.
Package hyperref Info: Link coloring ON on input line 6398.
Package hyperref Info: Link coloring with OCG OFF on input line 6405.
Package hyperref Info: PDF/A mode OFF on input line 6410.
LaTeX Info: Redefining \ref on input line 6450.
LaTeX Info: Redefining \pageref on input line 6454.
\c@Item=\count108
\c@Hfootnote=\count109
)
Package hyperref Info: Driver (autodetected): hpdftex.
 (/usr/local/texlive/2019/texmf-dist/tex/latex/hyperref/hpdftex.def
File: hpdftex.def 2018/11/30 v6.88e Hyperref driver for pdfTeX
\Fld@listcount=\count110
\c@bookmark@seq@number=\count111
 (/usr/local/texlive/2019/texmf-dist/tex/latex/oberdiek/rerunfilecheck.sty
Package: rerunfilecheck 2016/05/16 v1.8 Rerun checks for auxiliary files (HO)
Package uniquecounter Info: New unique counter `rerunfilecheck' on input line 282.
)
\Hy@SectionHShift=\skip48
) (/usr/local/texlive/2019/texmf-dist/tex/latex/sttools/flushend.sty
Package: flushend 2017/03/27 v3.3 Balancing columns in twocolumn mode
\flushend@@lastskip@a=\skip49
\flushend@@lastskip@b=\skip50
\flushend@@lastskip@c=\skip51
\flushend@@penalty@a=\count112
\flushend@@lastkern@a=\dimen133
\var@@temp@spread=\dimen134
\var@@temp@a=\dimen135
\flushend@@page@rule=\dimen136
\flushend@@varbox@a=\box33
\flushend@@varbox@c=\box34
\flushend@@tempbox@a=\box35
\flushend@@tempbox@c=\box36
\@viper=\box37
\hold@viper=\box38
\atColsBreak=\toks24
\atColsEnd=\toks25
 (/usr/local/texlive/2019/texmf-dist/tex/latex/etoolbox/etoolbox.sty
Package: etoolbox 2018/08/19 v2.5f e-TeX tools for LaTeX (JAW)
\etb@tempcnta=\count113
))
Glasgow MSci document class. Jeremy Singer, 16 October 2012
Based in part upon ACM sig_alternate class
****** Bugs/comments/suggestions/technicalities to Jeremy Singer -- jeremy.singer@glasgow.ac.uk ******
\footheight=\dimen137
\@maxsep=\dimen138
\@dblmaxsep=\dimen139
\c@figure=\count114
\c@table=\count115
\titleboxnotes=\toks26
\titleboxnoteflag=\count116
Document Class: mpaper 2013/01/15 v1.0 LaTeX document class for Glasgow MSci paper
\titlenotecount=\count117
\tntoks=\toks27
\tntokstwo=\toks28
\tntoksthree=\toks29
\tntoksfour=\toks30
\tntoksfive=\toks31
\c@part=\count118
\c@section=\count119
\c@subsection=\count120
\c@subsubsection=\count121
\c@paragraph=\count122
Using 'Abbrev' bibliography style
LaTeX Info: Redefining \cite on input line 1042.
\bibindent=\dimen140
\colcntr=\count123
\saveb@x=\box39
(/usr/local/texlive/2019/texmf-dist/tex/latex/base/fontenc.sty
Package: fontenc 2018/08/11 v2.0j Standard LaTeX package
 (/usr/local/texlive/2019/texmf-dist/tex/latex/base/t1enc.def
File: t1enc.def 2018/08/11 v2.0j Standard LaTeX file
LaTeX Font Info:    Redeclaring font encoding T1 on input line 48.
)
LaTeX Font Info:    Try loading font information for T1+aer on input line 105.
 (/usr/local/texlive/2019/texmf-dist/tex/latex/ae/t1aer.fd
File: t1aer.fd 1997/11/16 Font definitions for T1/aer.
))) (/usr/local/texlive/2019/texmf-dist/tex/latex/yafoot/dblfnote.sty
Package: dblfnote 2018/09/03 v1.1 
\c@DFNsloppiness=\count124
\DFNcolumnsep=\dimen141
\DFNcolumnwidth=\dimen142
\dfn@fnht=\dimen143
\dfn@fnmaxdp=\dimen144
\dfn@dima=\dimen145
\dfn@dimb=\dimen146
\dfn@ins=\box40
\dfn@boxa=\box41
\dfn@boxb=\box42
\dfn@output=\toks32
) (/usr/local/texlive/2019/texmf-dist/tex/latex/caption/caption.sty
Package: caption 2018/10/06 v3.3-154 Customizing captions (AR)
 (/usr/local/texlive/2019/texmf-dist/tex/latex/caption/caption3.sty
Package: caption3 2018/09/12 v1.8c caption3 kernel (AR)
Package caption3 Info: TeX engine: e-TeX on input line 64.
\captionmargin=\dimen147
\captionmargin@=\dimen148
\captionwidth=\dimen149
\caption@tempdima=\dimen150
\caption@indent=\dimen151
\caption@parindent=\dimen152
\caption@hangindent=\dimen153
Package caption Info: Unknown document class (or package),
(caption)             standard defaults will be used.
)

Package caption Warning: Unsupported document class (or package) detected,
(caption)                usage of the caption package is not recommended.
See the caption package documentation for explanation.

Package caption Info: \@makecaption = \long macro:#1#2-> \vskip 10pt \setbox \@tempboxa \hbox {\textbf {#1: #2}} \ifdim \wd \@tempboxa >\hsize \textbf {#1: #2}\par \else \hbox to\hsize {\hfil \box \@tempboxa \hfil } \fi .
\c@caption@flags=\count125
\c@ContinuedFloat=\count126
Package caption Info: hyperref package is loaded.
Package caption Info: listings package is loaded.
) (/usr/local/texlive/2019/texmf-dist/tex/latex/caption/subcaption.sty
Package: subcaption 2018/05/01 v1.1-162 Sub-captions (AR)
\c@subfigure=\count127
\c@subtable=\count128
) (/Users/matthewwalker/Documents/Project/dissertation/MSci(SEWP)_2310528w/QUIC-GStreamer-Integration/dissertation/Dissertation.aux)
\openout1 = `Dissertation.aux'.

LaTeX Font Info:    Checking defaults for OML/cmm/m/it on input line 9.
LaTeX Font Info:    ... okay on input line 9.
LaTeX Font Info:    Checking defaults for T1/cmr/m/n on input line 9.
LaTeX Font Info:    ... okay on input line 9.
LaTeX Font Info:    Checking defaults for OT1/cmr/m/n on input line 9.
LaTeX Font Info:    ... okay on input line 9.
LaTeX Font Info:    Checking defaults for OMS/cmsy/m/n on input line 9.
LaTeX Font Info:    ... okay on input line 9.
LaTeX Font Info:    Checking defaults for OMX/cmex/m/n on input line 9.
LaTeX Font Info:    ... okay on input line 9.
LaTeX Font Info:    Checking defaults for U/cmr/m/n on input line 9.
LaTeX Font Info:    ... okay on input line 9.
LaTeX Font Info:    Checking defaults for PD1/pdf/m/n on input line 9.
LaTeX Font Info:    ... okay on input line 9.
 (/usr/local/texlive/2019/texmf-dist/tex/context/base/mkii/supp-pdf.mkii
[Loading MPS to PDF converter (version 2006.09.02).]
\scratchcounter=\count129
\scratchdimen=\dimen154
\scratchbox=\box43
\nofMPsegments=\count130
\nofMParguments=\count131
\everyMPshowfont=\toks33
\MPscratchCnt=\count132
\MPscratchDim=\dimen155
\MPnumerator=\count133
\makeMPintoPDFobject=\count134
\everyMPtoPDFconversion=\toks34
) (/usr/local/texlive/2019/texmf-dist/tex/latex/oberdiek/epstopdf-base.sty
Package: epstopdf-base 2016/05/15 v2.6 Base part for package epstopdf
 (/usr/local/texlive/2019/texmf-dist/tex/latex/oberdiek/grfext.sty
Package: grfext 2016/05/16 v1.2 Manage graphics extensions (HO)
)
Package epstopdf-base Info: Redefining graphics rule for `.eps' on input line 438.
Package grfext Info: Graphics extension search list:
(grfext)             [.pdf,.png,.jpg,.mps,.jpeg,.jbig2,.jb2,.PDF,.PNG,.JPG,.JPEG,.JBIG2,.JB2,.eps]
(grfext)             \AppendGraphicsExtensions on input line 456.
 (/usr/local/texlive/2019/texmf-dist/tex/latex/latexconfig/epstopdf-sys.cfg
File: epstopdf-sys.cfg 2010/07/13 v1.3 Configuration of (r)epstopdf for TeX Live
))
\c@lstlisting=\count135

*geometry* driver: auto-detecting
*geometry* detected driver: pdftex
*geometry* verbose mode - [ preamble ] result:
* driver: pdftex
* paper: a4paper
* layout: <same size as paper>
* layoutoffset:(h,v)=(0.0pt,0.0pt)
* modes: twoside 
* h-part:(L,W,R)=(89.62709pt, 418.25368pt, 89.6271pt)
* v-part:(T,H,B)=(101.40665pt, 591.5302pt, 152.11pt)
* \paperwidth=597.50787pt
* \paperheight=845.04684pt
* \textwidth=504.0pt
* \textheight=666.0pt
* \oddsidemargin=-18.26999pt
* \evensidemargin=-18.26999pt
* \topmargin=-55.26999pt
* \headheight=12.0pt
* \headsep=25.0pt
* \topskip=10.0pt
* \footskip=30.0pt
* \marginparwidth=0.0pt
* \marginparsep=11.0pt
* \columnsep=24.0pt
* \skip\footins=8.1pt plus 4.0pt minus 2.0pt
* \hoffset=0.0pt
* \voffset=0.0pt
* \mag=1000
* \@twocolumntrue
* \@twosidetrue
* \@mparswitchtrue
* \@reversemarginfalse
* (1in=72.27pt=25.4mm, 1cm=28.453pt)

\AtBeginShipoutBox=\box44
Package hyperref Info: Link coloring ON on input line 9.
(/usr/local/texlive/2019/texmf-dist/tex/latex/hyperref/nameref.sty
Package: nameref 2016/05/21 v2.44 Cross-referencing by name of section
 (/usr/local/texlive/2019/texmf-dist/tex/generic/oberdiek/gettitlestring.sty
Package: gettitlestring 2016/05/16 v1.5 Cleanup title references (HO)
)
\c@section@level=\count136
)
LaTeX Info: Redefining \ref on input line 9.
LaTeX Info: Redefining \pageref on input line 9.
LaTeX Info: Redefining \nameref on input line 9.
 (/Users/matthewwalker/Documents/Project/dissertation/MSci(SEWP)_2310528w/QUIC-GStreamer-Integration/dissertation/Dissertation.out) (/Users/matthewwalker/Documents/Project/dissertation/MSci(SEWP)_2310528w/QUIC-GStreamer-Integration/dissertation/Dissertation.out)
\@outlinefile=\write3
\openout3 = `Dissertation.out'.

Package caption Info: Begin \AtBeginDocument code.
Package caption Info: End \AtBeginDocument code.
<CompSci_colour.pdf, id=108, 340.27126pt x 49.18375pt>
File: CompSci_colour.pdf Graphic file (type pdf)
<use CompSci_colour.pdf>
Package pdftex.def Info: CompSci_colour.pdf  used on input line 16.
(pdftex.def)             Requested size: 170.71652pt x 24.67586pt.

Underfull \hbox (badness 10000) in paragraph at lines 24--33

 []


Underfull \hbox (badness 10000) in paragraph at lines 24--33

 []


Underfull \hbox (badness 10000) in paragraph at lines 24--33

 []


Underfull \hbox (badness 10000) in paragraph at lines 24--33

 []

LaTeX Font Info:    Try loading font information for U+msa on input line 39.
(/usr/local/texlive/2019/texmf-dist/tex/latex/amsfonts/umsa.fd
File: umsa.fd 2013/01/14 v3.01 AMS symbols A
)
LaTeX Font Info:    Try loading font information for U+msb on input line 39.
 (/usr/local/texlive/2019/texmf-dist/tex/latex/amsfonts/umsb.fd
File: umsb.fd 2013/01/14 v3.01 AMS symbols B
)
Underfull \hbox (badness 10000) in paragraph at lines 39--42

 []

[1{/usr/local/texlive/2019/texmf-var/fonts/map/pdftex/updmap/pdftex.map}



 </Users/matthewwalker/Documents/Project/dissertation/MSci(SEWP)_2310528w/QUIC-GStreamer-Integration/dissertation/CompSci_colour.pdf>]
Underfull \hbox (badness 10000) in paragraph at lines 50--53

 []


Underfull \hbox (badness 10000) in paragraph at lines 57--62

 []


Underfull \hbox (badness 10000) in paragraph at lines 57--62

 []


Underfull \hbox (badness 10000) in paragraph at lines 73--78

 []


Underfull \hbox (badness 10000) in paragraph at lines 73--78

 []

[2]
Underfull \hbox (badness 10000) in paragraph at lines 82--85

 []


Underfull \hbox (badness 10000) in paragraph at lines 88--93

 []


Overfull \hbox (2.10359pt too wide) in paragraph at lines 88--93
\T1/aer/m/n/9 Regarding $\OML/cmm/m/it/9 T[]$\T1/aer/m/n/9 , the worst-case sce-nario for real-time mul-
 []


Underfull \hbox (badness 10000) in paragraph at lines 88--93

 []


Overfull \hbox (8.25049pt too wide) detected at line 98
\OML/cmm/m/it/9 T[] \OT1/cmr/m/n/9 = (2 \OMS/cmsy/m/n/9 ^^C \OML/cmm/m/it/9 T[]\OT1/cmr/m/n/9 ) + \OML/cmm/m/it/9 T[] \OT1/cmr/m/n/9 + \OML/cmm/m/it/9 RTT\OT1/cmr/m/n/9 (3)
 []


Underfull \hbox (badness 10000) in paragraph at lines 111--111
[][][]\T1/aer/m/n/9 https://www.streamingmediablog.com/2017/05/hulus-
 []


Underfull \hbox (badness 10000) in paragraph at lines 105--112

 []


Underfull \hbox (badness 10000) in paragraph at lines 105--112

 []


Underfull \hbox (badness 10000) in paragraph at lines 105--112

 []

[3]
Underfull \hbox (badness 10000) in paragraph at lines 115--129

 []


Underfull \hbox (badness 10000) in paragraph at lines 115--129

 []


Overfull \hbox (7.06827pt too wide) in paragraph at lines 115--129
\T1/aer/m/n/9 The sec-ond method, "QUIC_FPS", cre-ates a new QUIC stream
 []


Underfull \hbox (badness 10000) in paragraph at lines 115--129

 []


Underfull \hbox (badness 10000) in paragraph at lines 115--129

 []


Underfull \hbox (badness 10000) in paragraph at lines 115--129

 []


Overfull \hbox (5.62218pt too wide) in paragraph at lines 115--129
\T1/aer/m/n/9 A fi-nal point of con-sid-er-a-tion is mes-sage fram-ing. The streams
 []


Underfull \hbox (badness 10000) in paragraph at lines 115--129

 []


Underfull \hbox (badness 10000) in paragraph at lines 115--129

 []


Underfull \hbox (badness 10000) in paragraph at lines 115--129

 []


Underfull \hbox (badness 10000) in paragraph at lines 139--139
[][][]\T1/aer/m/n/9 http://commondatastorage.googleapis.com/gtv-videos-
 []


Underfull \hbox (badness 10000) in paragraph at lines 135--142

 []


Underfull \hbox (badness 10000) in paragraph at lines 135--142

 []


Underfull \hbox (badness 10000) in paragraph at lines 135--142

 []

[4]
<./processed_data/Server-side_pipeline.png, id=193, 958.58125pt x 207.77625pt>
File: ./processed_data/Server-side_pipeline.png Graphic file (type png)
<use ./processed_data/Server-side_pipeline.png>
Package pdftex.def Info: ./processed_data/Server-side_pipeline.png  used on input line 145.
(pdftex.def)             Requested size: 239.64473pt x 51.94392pt.
<./processed_data/Client-side_pipeline.png, id=195, 951.555pt x 177.66376pt>
File: ./processed_data/Client-side_pipeline.png Graphic file (type png)
<use ./processed_data/Client-side_pipeline.png>
Package pdftex.def Info: ./processed_data/Client-side_pipeline.png  used on input line 153.
(pdftex.def)             Requested size: 237.88817pt x 44.41582pt.

Underfull \hbox (badness 10000) in paragraph at lines 163--170

 []


Underfull \hbox (badness 10000) in paragraph at lines 163--170

 []


Underfull \hbox (badness 10000) in paragraph at lines 163--170

 []


Underfull \hbox (badness 10000) in paragraph at lines 173--180

 []


Underfull \hbox (badness 10000) in paragraph at lines 173--180

 []


Underfull \hbox (badness 10000) in paragraph at lines 173--180

 []

[5 <./processed_data/Server-side_pipeline.png> <./processed_data/Client-side_pipeline.png>]
<./processed_data/Network_Topology.png, id=221, 845.1575pt x 446.66875pt>
File: ./processed_data/Network_Topology.png Graphic file (type png)
<use ./processed_data/Network_Topology.png>
Package pdftex.def Info: ./processed_data/Network_Topology.png  used on input line 200.
(pdftex.def)             Requested size: 253.54921pt x 134.00165pt.

Overfull \hbox (13.54921pt too wide) in paragraph at lines 200--201
 [] 
 []

<./processed_data/Total_HOL_Blocking/TCP_Total_HOL_delay.png, id=222, 406.1574pt x 333.1647pt>
File: ./processed_data/Total_HOL_Blocking/TCP_Total_HOL_delay.png Graphic file (type png)
<use ./processed_data/Total_HOL_Blocking/TCP_Total_HOL_delay.png>
Package pdftex.def Info: ./processed_data/Total_HOL_Blocking/TCP_Total_HOL_delay.png  used on input line 210.
(pdftex.def)             Requested size: 161.28369pt x 132.2976pt.
<./processed_data/Total_HOL_Blocking/QUIC_SS_Total_HOL_delay.png, id=223, 406.1574pt x 333.1647pt>
File: ./processed_data/Total_HOL_Blocking/QUIC_SS_Total_HOL_delay.png Graphic file (type png)
<use ./processed_data/Total_HOL_Blocking/QUIC_SS_Total_HOL_delay.png>
Package pdftex.def Info: ./processed_data/Total_HOL_Blocking/QUIC_SS_Total_HOL_delay.png  used on input line 217.
(pdftex.def)             Requested size: 161.28369pt x 132.2976pt.
<./processed_data/Total_HOL_Blocking/QUIC_GOP_Total_HOL_delay.png, id=224, 406.1574pt x 333.1647pt>
File: ./processed_data/Total_HOL_Blocking/QUIC_GOP_Total_HOL_delay.png Graphic file (type png)
<use ./processed_data/Total_HOL_Blocking/QUIC_GOP_Total_HOL_delay.png>
Package pdftex.def Info: ./processed_data/Total_HOL_Blocking/QUIC_GOP_Total_HOL_delay.png  used on input line 224.
(pdftex.def)             Requested size: 161.28369pt x 132.2976pt.
<./processed_data/Total_HOL_Blocking/QUIC_FPS_Total_HOL_delay.png, id=225, 406.1574pt x 333.1647pt>
File: ./processed_data/Total_HOL_Blocking/QUIC_FPS_Total_HOL_delay.png Graphic file (type png)
<use ./processed_data/Total_HOL_Blocking/QUIC_FPS_Total_HOL_delay.png>
Package pdftex.def Info: ./processed_data/Total_HOL_Blocking/QUIC_FPS_Total_HOL_delay.png  used on input line 230.
(pdftex.def)             Requested size: 161.28369pt x 132.2976pt.
<./processed_data/Total_HOL_Blocking/QUIC_PPS_Total_HOL_delay.png, id=226, 406.1574pt x 333.1647pt>
File: ./processed_data/Total_HOL_Blocking/QUIC_PPS_Total_HOL_delay.png Graphic file (type png)
<use ./processed_data/Total_HOL_Blocking/QUIC_PPS_Total_HOL_delay.png>
Package pdftex.def Info: ./processed_data/Total_HOL_Blocking/QUIC_PPS_Total_HOL_delay.png  used on input line 237.
(pdftex.def)             Requested size: 161.28369pt x 132.2976pt.
<./processed_data/Total_HOL_Blocking/UDP_Total_HOL_delay.png, id=227, 406.1574pt x 333.1647pt>
File: ./processed_data/Total_HOL_Blocking/UDP_Total_HOL_delay.png Graphic file (type png)
<use ./processed_data/Total_HOL_Blocking/UDP_Total_HOL_delay.png>
Package pdftex.def Info: ./processed_data/Total_HOL_Blocking/UDP_Total_HOL_delay.png  used on input line 244.
(pdftex.def)             Requested size: 161.28369pt x 132.2976pt.

Underfull \hbox (badness 10000) in paragraph at lines 255--258

 []

[6 <./processed_data/Network_Topology.png>]
<./processed_data/SAL/TCP_Stack_Latency_Available.png, id=242, 462.528pt x 346.896pt>
File: ./processed_data/SAL/TCP_Stack_Latency_Available.png Graphic file (type png)
<use ./processed_data/SAL/TCP_Stack_Latency_Available.png>
Package pdftex.def Info: ./processed_data/SAL/TCP_Stack_Latency_Available.png  used on input line 269.
(pdftex.def)             Requested size: 161.28369pt x 120.96548pt.
<./processed_data/SAL/QUIC_SS_Stack_Latency_Available.png, id=243, 462.528pt x 346.896pt>
File: ./processed_data/SAL/QUIC_SS_Stack_Latency_Available.png Graphic file (type png)
<use ./processed_data/SAL/QUIC_SS_Stack_Latency_Available.png>
Package pdftex.def Info: ./processed_data/SAL/QUIC_SS_Stack_Latency_Available.png  used on input line 276.
(pdftex.def)             Requested size: 161.28369pt x 120.96548pt.
<./processed_data/SAL/QUIC_GOP_Stack_Latency_Available.png, id=244, 462.528pt x 346.896pt>
File: ./processed_data/SAL/QUIC_GOP_Stack_Latency_Available.png Graphic file (type png)
<use ./processed_data/SAL/QUIC_GOP_Stack_Latency_Available.png>
Package pdftex.def Info: ./processed_data/SAL/QUIC_GOP_Stack_Latency_Available.png  used on input line 283.
(pdftex.def)             Requested size: 161.28369pt x 120.96548pt.
<./processed_data/SAL/QUIC_FPS_Stack_Latency_Available.png, id=245, 462.528pt x 346.896pt>
File: ./processed_data/SAL/QUIC_FPS_Stack_Latency_Available.png Graphic file (type png)
<use ./processed_data/SAL/QUIC_FPS_Stack_Latency_Available.png>
Package pdftex.def Info: ./processed_data/SAL/QUIC_FPS_Stack_Latency_Available.png  used on input line 289.
(pdftex.def)             Requested size: 161.28369pt x 120.96548pt.
<./processed_data/SAL/QUIC_PPS_Stack_Latency_Available.png, id=246, 462.528pt x 346.896pt>
File: ./processed_data/SAL/QUIC_PPS_Stack_Latency_Available.png Graphic file (type png)
<use ./processed_data/SAL/QUIC_PPS_Stack_Latency_Available.png>
Package pdftex.def Info: ./processed_data/SAL/QUIC_PPS_Stack_Latency_Available.png  used on input line 296.
(pdftex.def)             Requested size: 161.28369pt x 120.96548pt.
<./processed_data/SAL/UDP_Stack_Latency_Available.png, id=247, 462.528pt x 346.896pt>
File: ./processed_data/SAL/UDP_Stack_Latency_Available.png Graphic file (type png)
<use ./processed_data/SAL/UDP_Stack_Latency_Available.png>
Package pdftex.def Info: ./processed_data/SAL/UDP_Stack_Latency_Available.png  used on input line 303.
(pdftex.def)             Requested size: 161.28369pt x 120.96548pt.

Underfull \hbox (badness 10000) in paragraph at lines 314--319

 []


Underfull \hbox (badness 10000) in paragraph at lines 314--319

 []


Underfull \vbox (badness 10000) has occurred while \output is active []

 [7 <./processed_data/Total_HOL_Blocking/TCP_Total_HOL_delay.png> <./processed_data/Total_HOL_Blocking/QUIC_SS_Total_HOL_delay.png> <./processed_data/Total_HOL_Blocking/QUIC_GOP_Total_HOL_delay.png> <./processed_data/Total_HOL_Blocking/QUIC_FPS_Total_HOL_delay.png> <./processed_data/Total_HOL_Blocking/QUIC_PPS_Total_HOL_delay.png> <./processed_data/Total_HOL_Blocking/UDP_Total_HOL_delay.png>]
<./processed_data/Total_Send/TCP/TCP_Total_Send_delay.png, id=268, 419.166pt x 333.1647pt>
File: ./processed_data/Total_Send/TCP/TCP_Total_Send_delay.png Graphic file (type png)
<use ./processed_data/Total_Send/TCP/TCP_Total_Send_delay.png>
Package pdftex.def Info: ./processed_data/Total_Send/TCP/TCP_Total_Send_delay.png  used on input line 326.
(pdftex.def)             Requested size: 161.28369pt x 128.19508pt.
<./processed_data/Total_Send/QUIC_SS/QUIC_SS_Total_Send_delay.png, id=269, 419.166pt x 333.1647pt>
File: ./processed_data/Total_Send/QUIC_SS/QUIC_SS_Total_Send_delay.png Graphic file (type png)
<use ./processed_data/Total_Send/QUIC_SS/QUIC_SS_Total_Send_delay.png>
Package pdftex.def Info: ./processed_data/Total_Send/QUIC_SS/QUIC_SS_Total_Send_delay.png  used on input line 333.
(pdftex.def)             Requested size: 161.28369pt x 128.19508pt.
<./processed_data/Total_Send/QUIC_GOP/QUIC_GOP_Total_Send_delay.png, id=270, 419.166pt x 333.1647pt>
File: ./processed_data/Total_Send/QUIC_GOP/QUIC_GOP_Total_Send_delay.png Graphic file (type png)
<use ./processed_data/Total_Send/QUIC_GOP/QUIC_GOP_Total_Send_delay.png>
Package pdftex.def Info: ./processed_data/Total_Send/QUIC_GOP/QUIC_GOP_Total_Send_delay.png  used on input line 340.
(pdftex.def)             Requested size: 161.28369pt x 128.19508pt.
<./processed_data/Total_Send/QUIC_FPS/QUIC_FPS_Total_Send_delay.png, id=271, 419.166pt x 333.1647pt>
File: ./processed_data/Total_Send/QUIC_FPS/QUIC_FPS_Total_Send_delay.png Graphic file (type png)
<use ./processed_data/Total_Send/QUIC_FPS/QUIC_FPS_Total_Send_delay.png>
Package pdftex.def Info: ./processed_data/Total_Send/QUIC_FPS/QUIC_FPS_Total_Send_delay.png  used on input line 346.
(pdftex.def)             Requested size: 161.28369pt x 128.19508pt.
<./processed_data/Total_Send/QUIC_PPS/QUIC_PPS_Total_Send_delay.png, id=272, 419.166pt x 333.1647pt>
File: ./processed_data/Total_Send/QUIC_PPS/QUIC_PPS_Total_Send_delay.png Graphic file (type png)
<use ./processed_data/Total_Send/QUIC_PPS/QUIC_PPS_Total_Send_delay.png>
Package pdftex.def Info: ./processed_data/Total_Send/QUIC_PPS/QUIC_PPS_Total_Send_delay.png  used on input line 353.
(pdftex.def)             Requested size: 161.28369pt x 128.19508pt.
<./processed_data/Total_Send/UDP/UDP_Total_Send_delay.png, id=273, 414.1071pt x 328.1058pt>
File: ./processed_data/Total_Send/UDP/UDP_Total_Send_delay.png Graphic file (type png)
<use ./processed_data/Total_Send/UDP/UDP_Total_Send_delay.png>
Package pdftex.def Info: ./processed_data/Total_Send/UDP/UDP_Total_Send_delay.png  used on input line 360.
(pdftex.def)             Requested size: 161.28369pt x 127.79053pt.

Underfull \hbox (badness 10000) in paragraph at lines 372--381

 []


Underfull \hbox (badness 10000) in paragraph at lines 372--381

 []


Underfull \hbox (badness 10000) in paragraph at lines 372--381

 []


Overfull \hbox (1.05173pt too wide) in paragraph at lines 372--381
\T1/aer/m/n/9 Figure [][]5d[][] shows the stack la-tency avail-abil-ity for QUIC_FPS.
 []


Underfull \hbox (badness 10000) in paragraph at lines 372--381

 []


Underfull \vbox (badness 1776) has occurred while \output is active []


Underfull \vbox (badness 10000) has occurred while \output is active []

 [8 <./processed_data/SAL/TCP_Stack_Latency_Available.png> <./processed_data/SAL/QUIC_SS_Stack_Latency_Available.png> <./processed_data/SAL/QUIC_GOP_Stack_Latency_Available.png> <./processed_data/SAL/QUIC_FPS_Stack_Latency_Available.png> <./processed_data/SAL/QUIC_PPS_Stack_Latency_Available.png> <./processed_data/SAL/UDP_Stack_Latency_Available.png>]
<./processed_data/Frame_Usefulness_Ratio/TCP/AVG_Frame_Usefulness-42.png, id=296, 333.8874pt x 311.66437pt>
File: ./processed_data/Frame_Usefulness_Ratio/TCP/AVG_Frame_Usefulness-42.png Graphic file (type png)
<use ./processed_data/Frame_Usefulness_Ratio/TCP/AVG_Frame_Usefulness-42.png>
Package pdftex.def Info: ./processed_data/Frame_Usefulness_Ratio/TCP/AVG_Frame_Usefulness-42.png  used on input line 415.
(pdftex.def)             Requested size: 126.0pt x 117.61096pt.
<./processed_data/Frame_Usefulness_Ratio/QUIC_SS/AVG_Frame_Usefulness-42.png, id=297, 333.8874pt x 311.66437pt>
File: ./processed_data/Frame_Usefulness_Ratio/QUIC_SS/AVG_Frame_Usefulness-42.png Graphic file (type png)
<use ./processed_data/Frame_Usefulness_Ratio/QUIC_SS/AVG_Frame_Usefulness-42.png>
Package pdftex.def Info: ./processed_data/Frame_Usefulness_Ratio/QUIC_SS/AVG_Frame_Usefulness-42.png  used on input line 422.
(pdftex.def)             Requested size: 126.0pt x 117.61096pt.
<./processed_data/Frame_Usefulness_Ratio/QUIC_GOP/AVG_Frame_Usefulness-42.png, id=298, 333.8874pt x 311.66437pt>
File: ./processed_data/Frame_Usefulness_Ratio/QUIC_GOP/AVG_Frame_Usefulness-42.png Graphic file (type png)
<use ./processed_data/Frame_Usefulness_Ratio/QUIC_GOP/AVG_Frame_Usefulness-42.png>
Package pdftex.def Info: ./processed_data/Frame_Usefulness_Ratio/QUIC_GOP/AVG_Frame_Usefulness-42.png  used on input line 429.
(pdftex.def)             Requested size: 126.0pt x 117.61096pt.
<./processed_data/Frame_Usefulness_Ratio/QUIC_FPS/AVG_Frame_Usefulness-42.png, id=299, 333.8874pt x 311.66437pt>
File: ./processed_data/Frame_Usefulness_Ratio/QUIC_FPS/AVG_Frame_Usefulness-42.png Graphic file (type png)
<use ./processed_data/Frame_Usefulness_Ratio/QUIC_FPS/AVG_Frame_Usefulness-42.png>
Package pdftex.def Info: ./processed_data/Frame_Usefulness_Ratio/QUIC_FPS/AVG_Frame_Usefulness-42.png  used on input line 435.
(pdftex.def)             Requested size: 126.0pt x 117.61096pt.
<./processed_data/Frame_Usefulness_Ratio/QUIC_PPS/AVG_Frame_Usefulness-42.png, id=300, 333.8874pt x 311.66437pt>
File: ./processed_data/Frame_Usefulness_Ratio/QUIC_PPS/AVG_Frame_Usefulness-42.png Graphic file (type png)
<use ./processed_data/Frame_Usefulness_Ratio/QUIC_PPS/AVG_Frame_Usefulness-42.png>
Package pdftex.def Info: ./processed_data/Frame_Usefulness_Ratio/QUIC_PPS/AVG_Frame_Usefulness-42.png  used on input line 442.
(pdftex.def)             Requested size: 126.0pt x 117.61096pt.
<./processed_data/Frame_Usefulness_Ratio/UDP/AVG_Frame_Usefulness-42.png, id=301, 333.8874pt x 311.66437pt>
File: ./processed_data/Frame_Usefulness_Ratio/UDP/AVG_Frame_Usefulness-42.png Graphic file (type png)
<use ./processed_data/Frame_Usefulness_Ratio/UDP/AVG_Frame_Usefulness-42.png>
Package pdftex.def Info: ./processed_data/Frame_Usefulness_Ratio/UDP/AVG_Frame_Usefulness-42.png  used on input line 449.
(pdftex.def)             Requested size: 126.0pt x 117.61096pt.

Underfull \hbox (badness 10000) in paragraph at lines 460--469

 []


Underfull \hbox (badness 10000) in paragraph at lines 460--469

 []


Underfull \hbox (badness 10000) in paragraph at lines 460--469

 []


Underfull \hbox (badness 10000) in paragraph at lines 460--469

 []


Overfull \hbox (1.01236pt too wide) in paragraph at lines 460--469
\T1/aer/m/n/9 Unfortunately, the cause of TCP ex-pe-ri-enc-ing a greater send-
 []


Underfull \vbox (badness 10000) has occurred while \output is active []

 [9 <./processed_data/Total_Send/TCP/TCP_Total_Send_delay.png> <./processed_data/Total_Send/QUIC_SS/QUIC_SS_Total_Send_delay.png> <./processed_data/Total_Send/QUIC_GOP/QUIC_GOP_Total_Send_delay.png> <./processed_data/Total_Send/QUIC_FPS/QUIC_FPS_Total_Send_delay.png> <./processed_data/Total_Send/QUIC_PPS/QUIC_PPS_Total_Send_delay.png> <./processed_data/Total_Send/UDP/UDP_Total_Send_delay.png>]
<./processed_data/Frame_Usefulness_Ratio/TCP/AVG_Frame_Usefulness-168.png, id=319, 333.8874pt x 311.66437pt>
File: ./processed_data/Frame_Usefulness_Ratio/TCP/AVG_Frame_Usefulness-168.png Graphic file (type png)
<use ./processed_data/Frame_Usefulness_Ratio/TCP/AVG_Frame_Usefulness-168.png>
Package pdftex.def Info: ./processed_data/Frame_Usefulness_Ratio/TCP/AVG_Frame_Usefulness-168.png  used on input line 476.
(pdftex.def)             Requested size: 126.0pt x 117.61096pt.
<./processed_data/Frame_Usefulness_Ratio/QUIC_SS/AVG_Frame_Usefulness-168.png, id=320, 333.8874pt x 311.66437pt>
File: ./processed_data/Frame_Usefulness_Ratio/QUIC_SS/AVG_Frame_Usefulness-168.png Graphic file (type png)
<use ./processed_data/Frame_Usefulness_Ratio/QUIC_SS/AVG_Frame_Usefulness-168.png>
Package pdftex.def Info: ./processed_data/Frame_Usefulness_Ratio/QUIC_SS/AVG_Frame_Usefulness-168.png  used on input line 483.
(pdftex.def)             Requested size: 126.0pt x 117.61096pt.
<./processed_data/Frame_Usefulness_Ratio/QUIC_GOP/AVG_Frame_Usefulness-168.png, id=321, 333.8874pt x 311.66437pt>
File: ./processed_data/Frame_Usefulness_Ratio/QUIC_GOP/AVG_Frame_Usefulness-168.png Graphic file (type png)
<use ./processed_data/Frame_Usefulness_Ratio/QUIC_GOP/AVG_Frame_Usefulness-168.png>
Package pdftex.def Info: ./processed_data/Frame_Usefulness_Ratio/QUIC_GOP/AVG_Frame_Usefulness-168.png  used on input line 490.
(pdftex.def)             Requested size: 126.0pt x 117.61096pt.
<./processed_data/Frame_Usefulness_Ratio/QUIC_FPS/AVG_Frame_Usefulness-168.png, id=322, 333.8874pt x 311.66437pt>
File: ./processed_data/Frame_Usefulness_Ratio/QUIC_FPS/AVG_Frame_Usefulness-168.png Graphic file (type png)
<use ./processed_data/Frame_Usefulness_Ratio/QUIC_FPS/AVG_Frame_Usefulness-168.png>
Package pdftex.def Info: ./processed_data/Frame_Usefulness_Ratio/QUIC_FPS/AVG_Frame_Usefulness-168.png  used on input line 496.
(pdftex.def)             Requested size: 126.0pt x 117.61096pt.
<./processed_data/Frame_Usefulness_Ratio/QUIC_PPS/AVG_Frame_Usefulness-168.png, id=323, 333.8874pt x 311.66437pt>
File: ./processed_data/Frame_Usefulness_Ratio/QUIC_PPS/AVG_Frame_Usefulness-168.png Graphic file (type png)
<use ./processed_data/Frame_Usefulness_Ratio/QUIC_PPS/AVG_Frame_Usefulness-168.png>
Package pdftex.def Info: ./processed_data/Frame_Usefulness_Ratio/QUIC_PPS/AVG_Frame_Usefulness-168.png  used on input line 503.
(pdftex.def)             Requested size: 126.0pt x 117.61096pt.
<./processed_data/Frame_Usefulness_Ratio/UDP/AVG_Frame_Usefulness-168.png, id=324, 333.8874pt x 311.66437pt>
File: ./processed_data/Frame_Usefulness_Ratio/UDP/AVG_Frame_Usefulness-168.png Graphic file (type png)
<use ./processed_data/Frame_Usefulness_Ratio/UDP/AVG_Frame_Usefulness-168.png>
Package pdftex.def Info: ./processed_data/Frame_Usefulness_Ratio/UDP/AVG_Frame_Usefulness-168.png  used on input line 510.
(pdftex.def)             Requested size: 126.0pt x 117.61096pt.

Underfull \hbox (badness 10000) in paragraph at lines 522--535

 []


Underfull \hbox (badness 10000) in paragraph at lines 522--535

 []


Overfull \hbox (2.67162pt too wide) in paragraph at lines 522--535
\T1/aer/m/n/9 ple-men-ta-tions would be un-likely to achieve 100% use-ful frame
 []


Underfull \hbox (badness 10000) in paragraph at lines 522--535

 []


Underfull \hbox (badness 10000) in paragraph at lines 522--535

 []


Underfull \hbox (badness 10000) in paragraph at lines 522--535

 []


Underfull \hbox (badness 10000) in paragraph at lines 522--535

 []


Underfull \vbox (badness 10000) has occurred while \output is active []

 [10 <./processed_data/Frame_Usefulness_Ratio/TCP/AVG_Frame_Usefulness-42.png> <./processed_data/Frame_Usefulness_Ratio/QUIC_SS/AVG_Frame_Usefulness-42.png> <./processed_data/Frame_Usefulness_Ratio/QUIC_GOP/AVG_Frame_Usefulness-42.png> <./processed_data/Frame_Usefulness_Ratio/QUIC_FPS/AVG_Frame_Usefulness-42.png> <./processed_data/Frame_Usefulness_Ratio/QUIC_PPS/AVG_Frame_Usefulness-42.png> <./processed_data/Frame_Usefulness_Ratio/UDP/AVG_Frame_Usefulness-42.png>]
Underfull \vbox (badness 10000) has occurred while \output is active []


Overfull \hbox (2.24669pt too wide) in paragraph at lines 538--543
\T1/aer/m/n/9 QUIC_PPS is not the first at-tempt at elim-i-nat-ing HOL block-
 []


Underfull \hbox (badness 10000) in paragraph at lines 538--543

 []


Underfull \hbox (badness 10000) in paragraph at lines 538--543

 []

[11 <./processed_data/Frame_Usefulness_Ratio/TCP/AVG_Frame_Usefulness-168.png> <./processed_data/Frame_Usefulness_Ratio/QUIC_SS/AVG_Frame_Usefulness-168.png> <./processed_data/Frame_Usefulness_Ratio/QUIC_GOP/AVG_Frame_Usefulness-168.png> <./processed_data/Frame_Usefulness_Ratio/QUIC_FPS/AVG_Frame_Usefulness-168.png> <./processed_data/Frame_Usefulness_Ratio/QUIC_PPS/AVG_Frame_Usefulness-168.png> <./processed_data/Frame_Usefulness_Ratio/UDP/AVG_Frame_Usefulness-168.png>]
Underfull \hbox (badness 10000) in paragraph at lines 547--558

 []


Underfull \hbox (badness 10000) in paragraph at lines 547--558

 []


Overfull \hbox (2.43777pt too wide) in paragraph at lines 547--558
\T1/aer/m/n/9 The re-sults show that each im-ple-men-ta-tion out-per-forms TCP
 []


Overfull \hbox (3.03941pt too wide) in paragraph at lines 547--558
\T1/aer/m/n/9 der strict la-tency bounds. While QUIC_GOP and QUIC_FPS
 []


Underfull \hbox (badness 10000) in paragraph at lines 547--558

 []


Underfull \hbox (badness 10000) in paragraph at lines 547--558

 []


Underfull \hbox (badness 10000) in paragraph at lines 547--558

 []


Overfull \hbox (6.46063pt too wide) in paragraph at lines 547--558
\T1/aer/m/n/9 g-ins can be found at https://github.com/mwalker2299/QUIC-
 []


Underfull \hbox (badness 10000) in paragraph at lines 561--568

 []


Underfull \hbox (badness 10000) in paragraph at lines 561--568

 []


Underfull \hbox (badness 10000) in paragraph at lines 561--568

 []

[12] (/Users/matthewwalker/Documents/Project/dissertation/MSci(SEWP)_2310528w/QUIC-GStreamer-Integration/dissertation/Dissertation.bbl)
Package atveryend Info: Empty hook `BeforeClearDocument' on input line 578.
- LAST -
Extra skip:24.07736pt
Left:602.7pt/1.74596pt
Right:578.62263pt/1.74596pt
Output:594.41132pt
 [13]
Package atveryend Info: Empty hook `AfterLastShipout' on input line 578.
 (/Users/matthewwalker/Documents/Project/dissertation/MSci(SEWP)_2310528w/QUIC-GStreamer-Integration/dissertation/Dissertation.aux)
Package atveryend Info: Empty hook `AtVeryEndDocument' on input line 578.
Package atveryend Info: Executing hook `AtEndAfterFileList' on input line 578.
Package rerunfilecheck Info: File `Dissertation.out' has not changed.
(rerunfilecheck)             Checksum: 8E49F7D41C99BBFCE0F46ECBF6745D31;1594.
Package atveryend Info: Empty hook `AtVeryVeryEnd' on input line 578.
 ) 
Here is how much of TeX's memory you used:
 10048 strings out of 492616
 156569 string characters out of 6129480
 280942 words of memory out of 5000000
 13699 multiletter control sequences out of 15000+600000
 50537 words of font info for 65 fonts, out of 8000000 for 9000
 1141 hyphenation exceptions out of 8191
 71i,8n,63p,1723b,497s stack positions out of 5000i,500n,10000p,200000b,80000s
{/usr/local/texlive/2019/texmf-dist/fonts/enc/dvips/base/8r.enc}</usr/local/texlive/2019/texmf-dist/fonts/type1/public/amsfonts/cm/cmmi5.pfb></usr/local/texlive/2019/texmf-dist/fonts/type1/public/amsfonts/cm/cmmi6.pfb></usr/local/texlive/2019/texmf-dist/fonts/type1/public/amsfonts/cm/cmmi9.pfb></usr/local/texlive/2019/texmf-dist/fonts/type1/public/amsfonts/cm/cmr6.pfb></usr/local/texlive/2019/texmf-dist/fonts/type1/public/amsfonts/cm/cmr8.pfb></usr/local/texlive/2019/texmf-dist/fonts/type1/public/amsfonts/cm/cmr9.pfb></usr/local/texlive/2019/texmf-dist/fonts/type1/public/amsfonts/cm/cmsy9.pfb></usr/local/texlive/2019/texmf-dist/fonts/type1/public/amsfonts/cm/cmti9.pfb></usr/local/texlive/2019/texmf-dist/fonts/type1/urw/helvetic/uhvb8a.pfb></usr/local/texlive/2019/texmf-dist/fonts/type1/urw/helvetic/uhvr8a.pfb></usr/local/texlive/2019/texmf-dist/fonts/type1/urw/times/utmb8a.pfb></usr/local/texlive/2019/texmf-dist/fonts/type1/urw/times/utmri8a.pfb>
Output written on /Users/matthewwalker/Documents/Project/dissertation/MSci(SEWP)_2310528w/QUIC-GStreamer-Integration/dissertation/Dissertation.pdf (13 pages, 10173864 bytes).
PDF statistics:
 432 PDF objects out of 1000 (max. 8388607)
 334 compressed objects within 4 object streams
 82 named destinations out of 1000 (max. 500000)
 379 words of extra memory for PDF output out of 10000 (max. 10000000)

