\BOOKMARK [1][-]{section.1}{Introduction}{}% 1
\BOOKMARK [1][-]{section.2}{Background}{}% 2
\BOOKMARK [2][-]{subsection.2.1}{Real-time Transport Protocol}{section.2}% 3
\BOOKMARK [2][-]{subsection.2.2}{Congestion Control}{section.2}% 4
\BOOKMARK [2][-]{subsection.2.3}{Flow Control}{section.2}% 5
\BOOKMARK [2][-]{subsection.2.4}{Head-Of-Line Blocking}{section.2}% 6
\BOOKMARK [2][-]{subsection.2.5}{The Structure of Encoded Video}{section.2}% 7
\BOOKMARK [1][-]{section.3}{Design Rationale}{}% 8
\BOOKMARK [1][-]{section.4}{Implementation}{}% 9
\BOOKMARK [2][-]{subsection.4.1}{GStreamer Pipelines}{section.4}% 10
\BOOKMARK [2][-]{subsection.4.2}{Network Elements}{section.4}% 11
\BOOKMARK [3][-]{subsubsection.4.2.1}{UDP and TCP}{subsection.4.2}% 12
\BOOKMARK [3][-]{subsubsection.4.2.2}{QUIC}{subsection.4.2}% 13
\BOOKMARK [2][-]{subsection.4.3}{Test Framework}{section.4}% 14
\BOOKMARK [3][-]{subsubsection.4.3.1}{Test Parameters}{subsection.4.3}% 15
\BOOKMARK [3][-]{subsubsection.4.3.2}{Simulation}{subsection.4.3}% 16
\BOOKMARK [1][-]{section.5}{Results}{}% 17
\BOOKMARK [2][-]{subsection.5.1}{The Impact of HOL Blocking}{section.5}% 18
\BOOKMARK [3][-]{subsubsection.5.1.1}{Visualising HOL blocking}{subsection.5.1}% 19
\BOOKMARK [2][-]{subsection.5.2}{Sending Delay}{section.5}% 20
\BOOKMARK [2][-]{subsection.5.3}{Useful Frames}{section.5}% 21
\BOOKMARK [1][-]{section.6}{Related Work}{}% 22
\BOOKMARK [1][-]{section.7}{Conclusions}{}% 23
\BOOKMARK [1][-]{section.8}{Future Work}{}% 24
\BOOKMARK [1][-]{section.9}{Acknowledgments}{}% 25
\BOOKMARK [1][-]{section.10}{References}{}% 26
